<?xml version="1.0" encoding="UTF-8"?>
<coverage generated="1381507534">
  <project timestamp="1381507534">
    <package name="SpinMedia\ExampleBlog\Articles">
      <file name="/Library/WebServer/Documents/example_blog/app/src/SpinMedia/ExampleBlog/Articles/Article.php">
        <class name="Article" namespace="SpinMedia\ExampleBlog\Articles">
          <metrics methods="1" coveredmethods="1" conditionals="0" coveredconditionals="0" statements="1" coveredstatements="1" elements="2" coveredelements="2"/>
        </class>
        <line num="23" type="method" name="getAll" crap="1" count="1"/>
        <line num="25" type="stmt" count="1"/>
        <line num="28" type="stmt" count="1"/>
        <metrics loc="27" ncloc="13" classes="1" methods="1" coveredmethods="1" conditionals="0" coveredconditionals="0" statements="1" coveredstatements="1" elements="2" coveredelements="2"/>
      </file>
      <file name="/Library/WebServer/Documents/example_blog/app/src/SpinMedia/ExampleBlog/Articles/ArticleController.php">
        <class name="ArticleController" namespace="SpinMedia\ExampleBlog\Articles">
          <metrics methods="3" coveredmethods="3" conditionals="0" coveredconditionals="0" statements="5" coveredstatements="5" elements="8" coveredelements="8"/>
        </class>
        <line num="25" type="method" name="__construct" crap="1" count="2"/>
        <line num="27" type="stmt" count="2"/>
        <line num="28" type="stmt" count="2"/>
        <line num="35" type="method" name="index" crap="1" count="1"/>
        <line num="37" type="stmt" count="1"/>
        <line num="38" type="stmt" count="1"/>
        <line num="47" type="method" name="show" crap="1" count="1"/>
        <line num="49" type="stmt" count="1"/>
        <line num="52" type="stmt" count="1"/>
        <metrics loc="51" ncloc="26" classes="1" methods="3" coveredmethods="3" conditionals="0" coveredconditionals="0" statements="5" coveredstatements="5" elements="8" coveredelements="8"/>
      </file>
    </package>
    <metrics files="2" loc="78" ncloc="39" classes="2" methods="4" coveredmethods="4" conditionals="0" coveredconditionals="0" statements="6" coveredstatements="6" elements="10" coveredelements="10"/>
  </project>
</coverage>
